--- Testando Resultados Look Goiás ---
[1] Executando scraper para look-goias...
[GigaBichoScraper] Iniciando varredura...
[GigaBichoScraper] Loterias encontradas para processar: 1
[GigaBichoScraper] Iniciando captura de: https://www.gigabicho.com.br/resultado-look-loterias-hoje/ (look-goias)
[GigaBichoScraper] look-goias: Encontrados 34 headers.
[Scraper Debug] Header: "Sorteio 7h20" -> 07:20. Linhas: 2
[Scraper Debug] Primeiras linhas: Segunda-feira 02/02/2026 | ATUALIZAR
[Scraper Debug] Header: "Sorteio 9h20" -> 09:20. Linhas: 2
[Scraper Debug] Primeiras linhas: Segunda-feira 02/02/2026 | ATUALIZAR
[Scraper Debug] Header: "Sorteio 11h20" -> 11:20. Linhas: 2
[Scraper Debug] Primeiras linhas: Segunda-feira 02/02/2026 | ATUALIZAR
[Scraper Debug] Header: "Sorteio 14h20" -> 14:20. Linhas: 2
[Scraper Debug] Primeiras linhas: Segunda-feira 02/02/2026 | ATUALIZAR
[Scraper Debug] Header: "Sorteio 16h20" -> 16:20. Linhas: 2
[Scraper Debug] Primeiras linhas: Segunda-feira 02/02/2026 | ATUALIZAR
[Scraper Debug] Header: "Sorteio 18h20" -> 18:20. Linhas: 2
[Scraper Debug] Primeiras linhas: Segunda-feira 02/02/2026 | ATUALIZAR
[Scraper Debug] Header: "Sorteio 21h20" -> 21:20. Linhas: 2
[Scraper Debug] Primeiras linhas: Segunda-feira 02/02/2026 | ATUALIZAR
[Scraper Debug] Header: "Sorteio 23h20" -> 23:20. Linhas: 2
[Scraper Debug] Primeiras linhas: Segunda-feira 02/02/2026 | ATUALIZAR
[Scraper Debug] Header: "Sorteio 7h20" -> 07:20. Linhas: 2
[Scraper Debug] Primeiras linhas: Domingo 01/02/2026 | ATUALIZAR
[Scraper Debug] Header: "Sorteio 9h20" -> 09:20. Linhas: 2
[Scraper Debug] Primeiras linhas: Domingo 01/02/2026 | ATUALIZAR
[Scraper Debug] Header: "Sorteio 11h20" -> 11:20. Linhas: 2
[Scraper Debug] Primeiras linhas: Domingo 01/02/2026 | ATUALIZAR
[Scraper Debug] Header: "Sorteio 14h20" -> 14:20. Linhas: 2
[Scraper Debug] Primeiras linhas: Domingo 01/02/2026 | ATUALIZAR
[Scraper Debug] Header: "Sorteio 16h20" -> 16:20. Linhas: 2
[Scraper Debug] Primeiras linhas: Domingo 01/02/2026 | ATUALIZAR
[Scraper Debug] Header: "Sorteio 18h20" -> 18:20. Linhas: 2
[Scraper Debug] Primeiras linhas: Domingo 01/02/2026 | ATUALIZAR
[Scraper Debug] Header: "Sorteio 21h20" -> 21:20. Linhas: 2
[Scraper Debug] Primeiras linhas: Domingo 01/02/2026 | ATUALIZAR
[Scraper Debug] Header: "Sorteio 23h20" -> 23:20. Linhas: 2
[Scraper Debug] Primeiras linhas: Domingo 01/02/2026 | ATUALIZAR
[GigaBichoScraper] Varredura finalizada.
[2] Consultando banco de dados para a data de hoje...
Nenhum resultado encontrado para hoje no banco de dados.

--- Teste Finalizado ---
